<?xml version="1.0" encoding="UTF-8"?>
<!-- Generated by org.testng.reporters.JUnitXMLReporter -->
<testsuite hostname="DESKTOP-HJBVMJK" name="Test" tests="3" failures="0" timestamp="19 Aug 2021 06:23:23 GMT" time="173.007" errors="0">
  <testcase name="TC_16" time="47.097" classname="vtiger_assignments.TC_16_salesorder"/>
  <testcase name="TC_18" time="29.664" classname="vtiger_assignments.TC_18_salesorder"/>
  <testcase name="TC_17" time="24.496" classname="vtiger_assignments.TC_17_salesorder"/>
</testsuite> <!-- Test -->
