<?xml version="1.0" encoding="UTF-8"?>
<testng-results skipped="0" failed="0" total="1" passed="1">
  <reporter-output>
  </reporter-output>
  <suite name="Default suite" duration-ms="82134" started-at="2021-08-24T14:54:06Z" finished-at="2021-08-24T14:55:28Z">
    <groups>
    </groups>
    <test name="Default test" duration-ms="82134" started-at="2021-08-24T14:54:06Z" finished-at="2021-08-24T14:55:28Z">
      <class name="vtiger_assignments.TC_18_salesorder">
        <test-method status="PASS" signature="connection()[pri:0, instance:vtiger_assignments.TC_18_salesorder@66a3ffec]" name="connection" is-config="true" duration-ms="9" started-at="2021-08-24T20:24:06Z" finished-at="2021-08-24T20:24:06Z">
          <reporter-output>
          </reporter-output>
        </test-method> <!-- connection -->
        <test-method status="PASS" signature="launchBrowser()[pri:0, instance:vtiger_assignments.TC_18_salesorder@66a3ffec]" name="launchBrowser" is-config="true" duration-ms="33923" started-at="2021-08-24T20:24:06Z" finished-at="2021-08-24T20:24:40Z">
          <reporter-output>
          </reporter-output>
        </test-method> <!-- launchBrowser -->
        <test-method status="PASS" signature="logintoVtiger()[pri:0, instance:vtiger_assignments.TC_18_salesorder@66a3ffec]" name="logintoVtiger" is-config="true" duration-ms="12733" started-at="2021-08-24T20:24:40Z" finished-at="2021-08-24T20:24:52Z">
          <reporter-output>
          </reporter-output>
        </test-method> <!-- logintoVtiger -->
        <test-method status="PASS" signature="TC_18()[pri:0, instance:vtiger_assignments.TC_18_salesorder@66a3ffec]" name="TC_18" duration-ms="32530" started-at="2021-08-24T20:24:52Z" finished-at="2021-08-24T20:25:25Z">
          <reporter-output>
          </reporter-output>
        </test-method> <!-- TC_18 -->
        <test-method status="PASS" signature="signoutVtiger()[pri:0, instance:vtiger_assignments.TC_18_salesorder@66a3ffec]" name="signoutVtiger" is-config="true" duration-ms="2636" started-at="2021-08-24T20:25:25Z" finished-at="2021-08-24T20:25:28Z">
          <reporter-output>
          </reporter-output>
        </test-method> <!-- signoutVtiger -->
        <test-method status="PASS" signature="closeBrowser()[pri:0, instance:vtiger_assignments.TC_18_salesorder@66a3ffec]" name="closeBrowser" is-config="true" duration-ms="294" started-at="2021-08-24T20:25:28Z" finished-at="2021-08-24T20:25:28Z">
          <reporter-output>
          </reporter-output>
        </test-method> <!-- closeBrowser -->
        <test-method status="PASS" signature="disconnection()[pri:0, instance:vtiger_assignments.TC_18_salesorder@66a3ffec]" name="disconnection" is-config="true" duration-ms="0" started-at="2021-08-24T20:25:28Z" finished-at="2021-08-24T20:25:28Z">
          <reporter-output>
          </reporter-output>
        </test-method> <!-- disconnection -->
      </class> <!-- vtiger_assignments.TC_18_salesorder -->
    </test> <!-- Default test -->
  </suite> <!-- Default suite -->
</testng-results>
